<?xml version="1.0" encoding="UTF-8"?>
<!-- Generated by org.testng.reporters.JUnitReportReporter -->
<testsuite skipped="0" hostname="BabyBeast" name="qaAutomation.testsuite.SumOfOddNumbers" tests="1" failures="0" timestamp="26 Jun 2018 03:21:11 GMT" time="0.471" errors="0">
  <testcase name="verificationOfSumOfOddNumbers" time="0.471" classname="qaAutomation.testsuite.SumOfOddNumbers"/>
</testsuite> <!-- qaAutomation.testsuite.SumOfOddNumbers -->
