<?xml version="1.0" encoding="UTF-8"?>
<!-- Generated by org.testng.reporters.JUnitReportReporter -->
<testsuite skipped="0" hostname="BabyBeast" name="qaAutomation.testsuite.SumOfOddNumbersTestSuite" tests="6" failures="0" timestamp="07 Dec 2018 21:45:16 GMT" time="0.850" errors="0">
  <testcase name="verificationOfErrorMessageForNonNumericStartRange" time="0.073" classname="qaAutomation.testsuite.SumOfOddNumbersTestSuite"/>
  <testcase name="verificationOfErrorMessageForNonNumericEndRange" time="0.068" classname="qaAutomation.testsuite.SumOfOddNumbersTestSuite"/>
  <testcase name="verificationOfSumOfOddNumbersForNegativeStartRange" time="0.059" classname="qaAutomation.testsuite.SumOfOddNumbersTestSuite"/>
  <testcase name="verificationOfSumOfOddNumbers" time="0.343" classname="qaAutomation.testsuite.SumOfOddNumbersTestSuite"/>
  <testcase name="verificationOfSumOfOddNumbersForNegativeRanges" time="0.064" classname="qaAutomation.testsuite.SumOfOddNumbersTestSuite"/>
  <testcase name="verificationOfSumOfOddNumbersForNegativeEndRange" time="0.243" classname="qaAutomation.testsuite.SumOfOddNumbersTestSuite"/>
</testsuite> <!-- qaAutomation.testsuite.SumOfOddNumbersTestSuite -->
